<?xml version="1.0" encoding="UTF-8"?>
<!-- Generated by org.testng.reporters.JUnitReportReporter -->
<testsuite hostname="LAPTOP-P71QF4A9" failures="0" tests="40" name="com.practice.testCase.TC_01" time="13.515" errors="0" timestamp="13 Nov 2021 05:38:53 GMT" skipped="5">
  <testcase classname="com.practice.testCase.TC_01" name="validateRadioButtonStatus" time="1.478"/>
  <testcase classname="com.practice.testCase.TC_01" name="validateRadioButtonStatus" time="0.381"/>
  <testcase classname="com.practice.testCase.TC_01" name="validateRadioButtonStatus" time="4.455"/>
  <testcase classname="com.practice.testCase.TC_01" name="validateRadioButtonStatus" time="0.979"/>
  <testcase classname="com.practice.testCase.TC_01" name="validateRadioButtonStatus" time="0.459"/>
  <testcase classname="com.practice.testCase.TC_01" name="validateStaticDropdown" time="0.200"/>
  <testcase classname="com.practice.testCase.TC_01" name="validateRadioFieldset" time="0.085"/>
  <testcase classname="com.practice.testCase.TC_01" name="validateHeader" time="0.055"/>
  <testcase classname="com.practice.testCase.TC_01" name="validateRadioFieldset" time="0.033"/>
  <testcase classname="com.practice.testCase.TC_01" name="validateStaticDropdown" time="0.443"/>
  <testcase classname="com.practice.testCase.TC_01" name="validateTitle" time="0.004"/>
  <testcase classname="com.practice.testCase.TC_01" name="validateCheckBox" time="0.318"/>
  <testcase classname="com.practice.testCase.TC_01" name="validateRadioButton" time="0.478"/>
  <testcase classname="com.practice.testCase.TC_01" name="validateCheckBox" time="0.556"/>
  <testcase classname="com.practice.testCase.TC_01" name="validateRadioFieldset" time="0.084"/>
  <testcase classname="com.practice.testCase.TC_01" name="validateRadioFieldset" time="0.051"/>
  <testcase classname="com.practice.testCase.TC_01" name="validateHeader" time="0.039"/>
  <testcase classname="com.practice.testCase.TC_01" name="validateTitle" time="0.006"/>
  <testcase classname="com.practice.testCase.TC_01" name="validateCheckBox" time="0.417"/>
  <testcase classname="com.practice.testCase.TC_01" name="validateRadioButton" time="0.253"/>
  <testcase classname="com.practice.testCase.TC_01" name="validateRadioButton" time="0.474"/>
  <testcase classname="com.practice.testCase.TC_01" name="validateRadioButton" time="0.198"/>
  <testcase classname="com.practice.testCase.TC_01" name="validateStaticDropdown" time="0.431"/>
  <testcase classname="com.practice.testCase.TC_01" name="validateCheckBox" time="0.535"/>
  <testcase classname="com.practice.testCase.TC_01" name="validateStaticDropdown" time="0.201"/>
  <testcase classname="com.practice.testCase.TC_01" name="validateTitle" time="0.018"/>
  <testcase classname="com.practice.testCase.TC_01" name="validateRadioFieldset" time="0.049"/>
  <testcase classname="com.practice.testCase.TC_01" name="validateRadioButton" time="0.244"/>
  <testcase classname="com.practice.testCase.TC_01" name="validateHeader" time="0.054"/>
  <testcase classname="com.practice.testCase.TC_01" name="validateCheckBox" time="0.216"/>
  <testcase classname="com.practice.testCase.TC_01" name="validateTitle" time="0.017"/>
  <testcase classname="com.practice.testCase.TC_01" name="validateHeader" time="0.029"/>
  <testcase classname="com.practice.testCase.TC_01" name="validateTitle" time="0.007"/>
  <testcase classname="com.practice.testCase.TC_01" name="validateStaticDropdown" time="0.231"/>
  <testcase classname="com.practice.testCase.TC_01" name="validateHeader" time="0.037"/>
  <testcase classname="com.practice.testCase.TC_01" name="validateDropdown">
    <skipped/>
  </testcase> <!-- validateDropdown -->
  <testcase classname="com.practice.testCase.TC_01" name="validateDropdown">
    <skipped/>
  </testcase> <!-- validateDropdown -->
  <testcase classname="com.practice.testCase.TC_01" name="validateDropdown">
    <skipped/>
  </testcase> <!-- validateDropdown -->
  <testcase classname="com.practice.testCase.TC_01" name="validateDropdown">
    <skipped/>
  </testcase> <!-- validateDropdown -->
  <testcase classname="com.practice.testCase.TC_01" name="validateDropdown">
    <skipped/>
  </testcase> <!-- validateDropdown -->
</testsuite> <!-- com.practice.testCase.TC_01 -->
