<?xml version="1.0" encoding="UTF-8"?>
<!-- Generated by org.testng.reporters.JUnitReportReporter -->
<testsuite hostname="LAPTOP-P71QF4A9" failures="0" tests="15" name="com.practice.testCase.TC_02" time="104.470" errors="0" timestamp="13 Nov 2021 05:38:53 GMT" skipped="0">
  <testcase classname="com.practice.testCase.TC_02" name="validateWindow" time="7.695"/>
  <testcase classname="com.practice.testCase.TC_02" name="validateWindow" time="6.978"/>
  <testcase classname="com.practice.testCase.TC_02" name="validateAlert" time="2.616"/>
  <testcase classname="com.practice.testCase.TC_02" name="validateTab" time="7.295"/>
  <testcase classname="com.practice.testCase.TC_02" name="validateWindow" time="8.050"/>
  <testcase classname="com.practice.testCase.TC_02" name="validateTab" time="9.325"/>
  <testcase classname="com.practice.testCase.TC_02" name="validateAlert" time="3.357"/>
  <testcase classname="com.practice.testCase.TC_02" name="validateAlert" time="2.512"/>
  <testcase classname="com.practice.testCase.TC_02" name="validateWindow" time="6.440"/>
  <testcase classname="com.practice.testCase.TC_02" name="validateAlert" time="1.008"/>
  <testcase classname="com.practice.testCase.TC_02" name="validateTab" time="7.008"/>
  <testcase classname="com.practice.testCase.TC_02" name="validateTab" time="10.362"/>
  <testcase classname="com.practice.testCase.TC_02" name="validateTab" time="9.437"/>
  <testcase classname="com.practice.testCase.TC_02" name="validateWindow" time="19.645"/>
  <testcase classname="com.practice.testCase.TC_02" name="validateAlert" time="2.742"/>
</testsuite> <!-- com.practice.testCase.TC_02 -->
