<?xml version="1.0" encoding="UTF-8"?>
<!-- Generated by org.testng.reporters.JUnitReportReporter -->
<testsuite hostname="LAPTOP-P71QF4A9" failures="0" tests="1" name="com.practice.testCase.Base" time="7.818" errors="0" timestamp="11 Nov 2021 17:36:28 GMT" skipped="0">
  <testcase classname="com.practice.testCase.Base" name="initialization" time="7.818"/>
</testsuite> <!-- com.practice.testCase.Base -->
